  drawlib.cpp
D:\Users\508_03\Desktop\OpenGL_tutorial_Demyanov02\tut_Basic_Objects\drawlib.cpp(16,29): warning C4305: аргумент: усечение из "double" в "GLfloat"
D:\Users\508_03\Desktop\OpenGL_tutorial_Demyanov02\tut_Basic_Objects\drawlib.cpp(17,26): warning C4305: аргумент: усечение из "double" в "GLfloat"
D:\Users\508_03\Desktop\OpenGL_tutorial_Demyanov02\tut_Basic_Objects\drawlib.cpp(18,27): warning C4305: аргумент: усечение из "double" в "GLfloat"
D:\Users\508_03\Desktop\OpenGL_tutorial_Demyanov02\tut_Basic_Objects\drawlib.cpp(19,24): warning C4305: аргумент: усечение из "double" в "GLfloat"
D:\Users\508_03\Desktop\OpenGL_tutorial_Demyanov02\tut_Basic_Objects\drawlib.cpp(22,29): warning C4305: аргумент: усечение из "double" в "GLfloat"
D:\Users\508_03\Desktop\OpenGL_tutorial_Demyanov02\tut_Basic_Objects\drawlib.cpp(23,24): warning C4305: аргумент: усечение из "double" в "GLfloat"
D:\Users\508_03\Desktop\OpenGL_tutorial_Demyanov02\tut_Basic_Objects\drawlib.cpp(24,25): warning C4305: аргумент: усечение из "double" в "GLfloat"
D:\Users\508_03\Desktop\OpenGL_tutorial_Demyanov02\tut_Basic_Objects\drawlib.cpp(25,25): warning C4305: аргумент: усечение из "double" в "GLfloat"
D:\Users\508_03\Desktop\OpenGL_tutorial_Demyanov02\tut_Basic_Objects\drawlib.cpp(28,28): warning C4305: аргумент: усечение из "double" в "GLfloat"
D:\Users\508_03\Desktop\OpenGL_tutorial_Demyanov02\tut_Basic_Objects\drawlib.cpp(29,26): warning C4305: аргумент: усечение из "double" в "GLfloat"
D:\Users\508_03\Desktop\OpenGL_tutorial_Demyanov02\tut_Basic_Objects\drawlib.cpp(30,27): warning C4305: аргумент: усечение из "double" в "GLfloat"
D:\Users\508_03\Desktop\OpenGL_tutorial_Demyanov02\tut_Basic_Objects\drawlib.cpp(31,25): warning C4305: аргумент: усечение из "double" в "GLfloat"
D:\Users\508_03\Desktop\OpenGL_tutorial_Demyanov02\tut_Basic_Objects\drawlib.cpp(34,29): warning C4305: аргумент: усечение из "double" в "GLfloat"
D:\Users\508_03\Desktop\OpenGL_tutorial_Demyanov02\tut_Basic_Objects\drawlib.cpp(35,24): warning C4305: аргумент: усечение из "double" в "GLfloat"
D:\Users\508_03\Desktop\OpenGL_tutorial_Demyanov02\tut_Basic_Objects\drawlib.cpp(36,26): warning C4305: аргумент: усечение из "double" в "GLfloat"
D:\Users\508_03\Desktop\OpenGL_tutorial_Demyanov02\tut_Basic_Objects\drawlib.cpp(37,24): warning C4305: аргумент: усечение из "double" в "GLfloat"
D:\Users\508_03\Desktop\OpenGL_tutorial_Demyanov02\tut_Basic_Objects\drawlib.cpp(40,29): warning C4305: аргумент: усечение из "double" в "GLfloat"
D:\Users\508_03\Desktop\OpenGL_tutorial_Demyanov02\tut_Basic_Objects\drawlib.cpp(41,25): warning C4305: аргумент: усечение из "double" в "GLfloat"
D:\Users\508_03\Desktop\OpenGL_tutorial_Demyanov02\tut_Basic_Objects\drawlib.cpp(42,27): warning C4305: аргумент: усечение из "double" в "GLfloat"
D:\Users\508_03\Desktop\OpenGL_tutorial_Demyanov02\tut_Basic_Objects\drawlib.cpp(43,25): warning C4305: аргумент: усечение из "double" в "GLfloat"
D:\Users\508_03\Desktop\OpenGL_tutorial_Demyanov02\tut_Basic_Objects\drawlib.cpp(46,28): warning C4305: аргумент: усечение из "double" в "GLfloat"
D:\Users\508_03\Desktop\OpenGL_tutorial_Demyanov02\tut_Basic_Objects\drawlib.cpp(47,26): warning C4305: аргумент: усечение из "double" в "GLfloat"
D:\Users\508_03\Desktop\OpenGL_tutorial_Demyanov02\tut_Basic_Objects\drawlib.cpp(48,27): warning C4305: аргумент: усечение из "double" в "GLfloat"
D:\Users\508_03\Desktop\OpenGL_tutorial_Demyanov02\tut_Basic_Objects\drawlib.cpp(49,26): warning C4305: аргумент: усечение из "double" в "GLfloat"
D:\Users\508_03\Desktop\OpenGL_tutorial_Demyanov02\tut_Basic_Objects\drawlib.cpp(52,28): warning C4305: аргумент: усечение из "double" в "GLfloat"
D:\Users\508_03\Desktop\OpenGL_tutorial_Demyanov02\tut_Basic_Objects\drawlib.cpp(53,25): warning C4305: аргумент: усечение из "double" в "GLfloat"
D:\Users\508_03\Desktop\OpenGL_tutorial_Demyanov02\tut_Basic_Objects\drawlib.cpp(54,26): warning C4305: аргумент: усечение из "double" в "GLfloat"
D:\Users\508_03\Desktop\OpenGL_tutorial_Demyanov02\tut_Basic_Objects\drawlib.cpp(55,25): warning C4305: аргумент: усечение из "double" в "GLfloat"
D:\Users\508_03\Desktop\OpenGL_tutorial_Demyanov02\tut_Basic_Objects\drawlib.cpp(63,26): warning C4305: аргумент: усечение из "double" в "GLfloat"
D:\Users\508_03\Desktop\OpenGL_tutorial_Demyanov02\tut_Basic_Objects\drawlib.cpp(64,26): warning C4305: аргумент: усечение из "double" в "GLfloat"
D:\Users\508_03\Desktop\OpenGL_tutorial_Demyanov02\tut_Basic_Objects\drawlib.cpp(65,26): warning C4305: аргумент: усечение из "double" в "GLfloat"
D:\Users\508_03\Desktop\OpenGL_tutorial_Demyanov02\tut_Basic_Objects\drawlib.cpp(66,26): warning C4305: аргумент: усечение из "double" в "GLfloat"
D:\Users\508_03\Desktop\OpenGL_tutorial_Demyanov02\tut_Basic_Objects\drawlib.cpp(70,27): warning C4305: аргумент: усечение из "double" в "GLfloat"
D:\Users\508_03\Desktop\OpenGL_tutorial_Demyanov02\tut_Basic_Objects\drawlib.cpp(71,27): warning C4305: аргумент: усечение из "double" в "GLfloat"
D:\Users\508_03\Desktop\OpenGL_tutorial_Demyanov02\tut_Basic_Objects\drawlib.cpp(72,27): warning C4305: аргумент: усечение из "double" в "GLfloat"
D:\Users\508_03\Desktop\OpenGL_tutorial_Demyanov02\tut_Basic_Objects\drawlib.cpp(73,27): warning C4305: аргумент: усечение из "double" в "GLfloat"
D:\Users\508_03\Desktop\OpenGL_tutorial_Demyanov02\tut_Basic_Objects\drawlib.cpp(77,27): warning C4305: аргумент: усечение из "double" в "GLfloat"
D:\Users\508_03\Desktop\OpenGL_tutorial_Demyanov02\tut_Basic_Objects\drawlib.cpp(78,27): warning C4305: аргумент: усечение из "double" в "GLfloat"
D:\Users\508_03\Desktop\OpenGL_tutorial_Demyanov02\tut_Basic_Objects\drawlib.cpp(79,27): warning C4305: аргумент: усечение из "double" в "GLfloat"
D:\Users\508_03\Desktop\OpenGL_tutorial_Demyanov02\tut_Basic_Objects\drawlib.cpp(80,27): warning C4305: аргумент: усечение из "double" в "GLfloat"
D:\Users\508_03\Desktop\OpenGL_tutorial_Demyanov02\tut_Basic_Objects\drawlib.cpp(84,26): warning C4305: аргумент: усечение из "double" в "GLfloat"
D:\Users\508_03\Desktop\OpenGL_tutorial_Demyanov02\tut_Basic_Objects\drawlib.cpp(85,26): warning C4305: аргумент: усечение из "double" в "GLfloat"
D:\Users\508_03\Desktop\OpenGL_tutorial_Demyanov02\tut_Basic_Objects\drawlib.cpp(86,26): warning C4305: аргумент: усечение из "double" в "GLfloat"
D:\Users\508_03\Desktop\OpenGL_tutorial_Demyanov02\tut_Basic_Objects\drawlib.cpp(87,26): warning C4305: аргумент: усечение из "double" в "GLfloat"
D:\Users\508_03\Desktop\OpenGL_tutorial_Demyanov02\tut_Basic_Objects\drawlib.cpp(96,25): warning C4305: аргумент: усечение из "double" в "GLfloat"
D:\Users\508_03\Desktop\OpenGL_tutorial_Demyanov02\tut_Basic_Objects\drawlib.cpp(97,25): warning C4305: аргумент: усечение из "double" в "GLfloat"
D:\Users\508_03\Desktop\OpenGL_tutorial_Demyanov02\tut_Basic_Objects\drawlib.cpp(99,25): warning C4305: аргумент: усечение из "double" в "GLfloat"
D:\Users\508_03\Desktop\OpenGL_tutorial_Demyanov02\tut_Basic_Objects\drawlib.cpp(100,25): warning C4305: аргумент: усечение из "double" в "GLfloat"
D:\Users\508_03\Desktop\OpenGL_tutorial_Demyanov02\tut_Basic_Objects\drawlib.cpp(102,25): warning C4305: аргумент: усечение из "double" в "GLfloat"
D:\Users\508_03\Desktop\OpenGL_tutorial_Demyanov02\tut_Basic_Objects\drawlib.cpp(103,25): warning C4305: аргумент: усечение из "double" в "GLfloat"
D:\Users\508_03\Desktop\OpenGL_tutorial_Demyanov02\tut_Basic_Objects\drawlib.cpp(106,25): warning C4305: аргумент: усечение из "double" в "GLfloat"
D:\Users\508_03\Desktop\OpenGL_tutorial_Demyanov02\tut_Basic_Objects\drawlib.cpp(107,26): warning C4305: аргумент: усечение из "double" в "GLfloat"
D:\Users\508_03\Desktop\OpenGL_tutorial_Demyanov02\tut_Basic_Objects\drawlib.cpp(109,25): warning C4305: аргумент: усечение из "double" в "GLfloat"
D:\Users\508_03\Desktop\OpenGL_tutorial_Demyanov02\tut_Basic_Objects\drawlib.cpp(110,26): warning C4305: аргумент: усечение из "double" в "GLfloat"
D:\Users\508_03\Desktop\OpenGL_tutorial_Demyanov02\tut_Basic_Objects\drawlib.cpp(112,25): warning C4305: аргумент: усечение из "double" в "GLfloat"
D:\Users\508_03\Desktop\OpenGL_tutorial_Demyanov02\tut_Basic_Objects\drawlib.cpp(113,26): warning C4305: аргумент: усечение из "double" в "GLfloat"
D:\Users\508_03\Desktop\OpenGL_tutorial_Demyanov02\tut_Basic_Objects\drawlib.cpp(125,26): warning C4305: аргумент: усечение из "double" в "GLfloat"
D:\Users\508_03\Desktop\OpenGL_tutorial_Demyanov02\tut_Basic_Objects\drawlib.cpp(126,24): warning C4305: аргумент: усечение из "double" в "GLfloat"
D:\Users\508_03\Desktop\OpenGL_tutorial_Demyanov02\tut_Basic_Objects\drawlib.cpp(127,23): warning C4305: аргумент: усечение из "double" в "GLfloat"
D:\Users\508_03\Desktop\OpenGL_tutorial_Demyanov02\tut_Basic_Objects\drawlib.cpp(128,22): warning C4305: аргумент: усечение из "double" в "GLfloat"
D:\Users\508_03\Desktop\OpenGL_tutorial_Demyanov02\tut_Basic_Objects\drawlib.cpp(129,23): warning C4305: аргумент: усечение из "double" в "GLfloat"
D:\Users\508_03\Desktop\OpenGL_tutorial_Demyanov02\tut_Basic_Objects\drawlib.cpp(132,24): warning C4305: аргумент: усечение из "double" в "GLfloat"
D:\Users\508_03\Desktop\OpenGL_tutorial_Demyanov02\tut_Basic_Objects\drawlib.cpp(133,24): warning C4305: аргумент: усечение из "double" в "GLfloat"
D:\Users\508_03\Desktop\OpenGL_tutorial_Demyanov02\tut_Basic_Objects\drawlib.cpp(135,22): warning C4305: аргумент: усечение из "double" в "GLfloat"
D:\Users\508_03\Desktop\OpenGL_tutorial_Demyanov02\tut_Basic_Objects\drawlib.cpp(136,24): warning C4305: аргумент: усечение из "double" в "GLfloat"
D:\Users\508_03\Desktop\OpenGL_tutorial_Demyanov02\tut_Basic_Objects\drawlib.cpp(139,24): warning C4305: аргумент: усечение из "double" в "GLfloat"
D:\Users\508_03\Desktop\OpenGL_tutorial_Demyanov02\tut_Basic_Objects\drawlib.cpp(140,22): warning C4305: аргумент: усечение из "double" в "GLfloat"
D:\Users\508_03\Desktop\OpenGL_tutorial_Demyanov02\tut_Basic_Objects\drawlib.cpp(141,22): warning C4305: аргумент: усечение из "double" в "GLfloat"
D:\Users\508_03\Desktop\OpenGL_tutorial_Demyanov02\tut_Basic_Objects\drawlib.cpp(142,24): warning C4305: аргумент: усечение из "double" в "GLfloat"
D:\Users\508_03\Desktop\OpenGL_tutorial_Demyanov02\tut_Basic_Objects\drawlib.cpp(145,23): warning C4305: аргумент: усечение из "double" в "GLfloat"
D:\Users\508_03\Desktop\OpenGL_tutorial_Demyanov02\tut_Basic_Objects\drawlib.cpp(146,23): warning C4305: аргумент: усечение из "double" в "GLfloat"
D:\Users\508_03\Desktop\OpenGL_tutorial_Demyanov02\tut_Basic_Objects\drawlib.cpp(147,23): warning C4305: аргумент: усечение из "double" в "GLfloat"
D:\Users\508_03\Desktop\OpenGL_tutorial_Demyanov02\tut_Basic_Objects\drawlib.cpp(148,23): warning C4305: аргумент: усечение из "double" в "GLfloat"
D:\Users\508_03\Desktop\OpenGL_tutorial_Demyanov02\tut_Basic_Objects\drawlib.cpp(151,23): warning C4305: аргумент: усечение из "double" в "GLfloat"
D:\Users\508_03\Desktop\OpenGL_tutorial_Demyanov02\tut_Basic_Objects\drawlib.cpp(152,23): warning C4305: аргумент: усечение из "double" в "GLfloat"
D:\Users\508_03\Desktop\OpenGL_tutorial_Demyanov02\tut_Basic_Objects\drawlib.cpp(153,23): warning C4305: аргумент: усечение из "double" в "GLfloat"
D:\Users\508_03\Desktop\OpenGL_tutorial_Demyanov02\tut_Basic_Objects\drawlib.cpp(154,23): warning C4305: аргумент: усечение из "double" в "GLfloat"
D:\Users\508_03\Desktop\OpenGL_tutorial_Demyanov02\tut_Basic_Objects\drawlib.cpp(157,23): warning C4305: аргумент: усечение из "double" в "GLfloat"
D:\Users\508_03\Desktop\OpenGL_tutorial_Demyanov02\tut_Basic_Objects\drawlib.cpp(158,21): warning C4305: аргумент: усечение из "double" в "GLfloat"
D:\Users\508_03\Desktop\OpenGL_tutorial_Demyanov02\tut_Basic_Objects\drawlib.cpp(159,21): warning C4305: аргумент: усечение из "double" в "GLfloat"
D:\Users\508_03\Desktop\OpenGL_tutorial_Demyanov02\tut_Basic_Objects\drawlib.cpp(160,23): warning C4305: аргумент: усечение из "double" в "GLfloat"
D:\Users\508_03\Desktop\OpenGL_tutorial_Demyanov02\tut_Basic_Objects\drawlib.cpp(163,23): warning C4305: аргумент: усечение из "double" в "GLfloat"
D:\Users\508_03\Desktop\OpenGL_tutorial_Demyanov02\tut_Basic_Objects\drawlib.cpp(164,21): warning C4305: аргумент: усечение из "double" в "GLfloat"
D:\Users\508_03\Desktop\OpenGL_tutorial_Demyanov02\tut_Basic_Objects\drawlib.cpp(166,23): warning C4305: аргумент: усечение из "double" в "GLfloat"
D:\Users\508_03\Desktop\OpenGL_tutorial_Demyanov02\tut_Basic_Objects\drawlib.cpp(169,22): warning C4305: аргумент: усечение из "double" в "GLfloat"
D:\Users\508_03\Desktop\OpenGL_tutorial_Demyanov02\tut_Basic_Objects\drawlib.cpp(170,22): warning C4305: аргумент: усечение из "double" в "GLfloat"
D:\Users\508_03\Desktop\OpenGL_tutorial_Demyanov02\tut_Basic_Objects\drawlib.cpp(171,22): warning C4305: аргумент: усечение из "double" в "GLfloat"
D:\Users\508_03\Desktop\OpenGL_tutorial_Demyanov02\tut_Basic_Objects\drawlib.cpp(172,22): warning C4305: аргумент: усечение из "double" в "GLfloat"
D:\Users\508_03\Desktop\OpenGL_tutorial_Demyanov02\tut_Basic_Objects\drawlib.cpp(175,22): warning C4305: аргумент: усечение из "double" в "GLfloat"
D:\Users\508_03\Desktop\OpenGL_tutorial_Demyanov02\tut_Basic_Objects\drawlib.cpp(176,22): warning C4305: аргумент: усечение из "double" в "GLfloat"
D:\Users\508_03\Desktop\OpenGL_tutorial_Demyanov02\tut_Basic_Objects\drawlib.cpp(177,22): warning C4305: аргумент: усечение из "double" в "GLfloat"
D:\Users\508_03\Desktop\OpenGL_tutorial_Demyanov02\tut_Basic_Objects\drawlib.cpp(178,22): warning C4305: аргумент: усечение из "double" в "GLfloat"
D:\Users\508_03\Desktop\OpenGL_tutorial_Demyanov02\tut_Basic_Objects\drawlib.cpp(181,28): warning C4305: аргумент: усечение из "double" в "GLfloat"
D:\Users\508_03\Desktop\OpenGL_tutorial_Demyanov02\tut_Basic_Objects\drawlib.cpp(182,24): warning C4305: аргумент: усечение из "double" в "GLfloat"
D:\Users\508_03\Desktop\OpenGL_tutorial_Demyanov02\tut_Basic_Objects\drawlib.cpp(183,24): warning C4305: аргумент: усечение из "double" в "GLfloat"
D:\Users\508_03\Desktop\OpenGL_tutorial_Demyanov02\tut_Basic_Objects\drawlib.cpp(184,23): warning C4305: аргумент: усечение из "double" в "GLfloat"
D:\Users\508_03\Desktop\OpenGL_tutorial_Demyanov02\tut_Basic_Objects\drawlib.cpp(185,23): warning C4305: аргумент: усечение из "double" в "GLfloat"
D:\Users\508_03\Desktop\OpenGL_tutorial_Demyanov02\tut_Basic_Objects\drawlib.cpp(189,22): warning C4305: аргумент: усечение из "double" в "GLfloat"
D:\Users\508_03\Desktop\OpenGL_tutorial_Demyanov02\tut_Basic_Objects\drawlib.cpp(190,22): warning C4305: аргумент: усечение из "double" в "GLfloat"
D:\Users\508_03\Desktop\OpenGL_tutorial_Demyanov02\tut_Basic_Objects\drawlib.cpp(191,22): warning C4305: аргумент: усечение из "double" в "GLfloat"
D:\Users\508_03\Desktop\OpenGL_tutorial_Demyanov02\tut_Basic_Objects\drawlib.cpp(192,22): warning C4305: аргумент: усечение из "double" в "GLfloat"
D:\Users\508_03\Desktop\OpenGL_tutorial_Demyanov02\tut_Basic_Objects\drawlib.cpp(197,28): warning C4305: аргумент: усечение из "double" в "GLfloat"
D:\Users\508_03\Desktop\OpenGL_tutorial_Demyanov02\tut_Basic_Objects\drawlib.cpp(198,23): warning C4305: аргумент: усечение из "double" в "GLfloat"
D:\Users\508_03\Desktop\OpenGL_tutorial_Demyanov02\tut_Basic_Objects\drawlib.cpp(199,21): warning C4305: аргумент: усечение из "double" в "GLfloat"
D:\Users\508_03\Desktop\OpenGL_tutorial_Demyanov02\tut_Basic_Objects\drawlib.cpp(200,22): warning C4305: аргумент: усечение из "double" в "GLfloat"
D:\Users\508_03\Desktop\OpenGL_tutorial_Demyanov02\tut_Basic_Objects\drawlib.cpp(212,24): warning C4305: аргумент: усечение из "double" в "GLfloat"
D:\Users\508_03\Desktop\OpenGL_tutorial_Demyanov02\tut_Basic_Objects\drawlib.cpp(213,25): warning C4305: аргумент: усечение из "double" в "GLfloat"
D:\Users\508_03\Desktop\OpenGL_tutorial_Demyanov02\tut_Basic_Objects\drawlib.cpp(214,24): warning C4305: аргумент: усечение из "double" в "GLfloat"
D:\Users\508_03\Desktop\OpenGL_tutorial_Demyanov02\tut_Basic_Objects\drawlib.cpp(221,30): warning C4305: аргумент: усечение из "double" в "GLfloat"
D:\Users\508_03\Desktop\OpenGL_tutorial_Demyanov02\tut_Basic_Objects\drawlib.cpp(222,26): warning C4305: аргумент: усечение из "double" в "GLfloat"
D:\Users\508_03\Desktop\OpenGL_tutorial_Demyanov02\tut_Basic_Objects\drawlib.cpp(223,26): warning C4305: аргумент: усечение из "double" в "GLfloat"
D:\Users\508_03\Desktop\OpenGL_tutorial_Demyanov02\tut_Basic_Objects\drawlib.cpp(224,25): warning C4305: аргумент: усечение из "double" в "GLfloat"
D:\Users\508_03\Desktop\OpenGL_tutorial_Demyanov02\tut_Basic_Objects\drawlib.cpp(225,25): warning C4305: аргумент: усечение из "double" в "GLfloat"
D:\Users\508_03\Desktop\OpenGL_tutorial_Demyanov02\tut_Basic_Objects\drawlib.cpp(238,51): warning C4305: +=: усечение из "double" в "float"
D:\Users\508_03\Desktop\OpenGL_tutorial_Demyanov02\tut_Basic_Objects\drawlib.cpp(239,29): warning C4305: аргумент: усечение из "double" в "GLfloat"
D:\Users\508_03\Desktop\OpenGL_tutorial_Demyanov02\tut_Basic_Objects\drawlib.cpp(240,55): warning C4244: аргумент: преобразование "double" в "GLfloat", возможна потеря данных
D:\Users\508_03\Desktop\OpenGL_tutorial_Demyanov02\tut_Basic_Objects\drawlib.cpp(240,33): warning C4244: аргумент: преобразование "double" в "GLfloat", возможна потеря данных
D:\Users\508_03\Desktop\OpenGL_tutorial_Demyanov02\tut_Basic_Objects\drawlib.cpp(251,26): warning C4305: аргумент: усечение из "double" в "GLfloat"
D:\Users\508_03\Desktop\OpenGL_tutorial_Demyanov02\tut_Basic_Objects\drawlib.cpp(252,27): warning C4305: аргумент: усечение из "double" в "GLfloat"
D:\Users\508_03\Desktop\OpenGL_tutorial_Demyanov02\tut_Basic_Objects\drawlib.cpp(253,35): warning C4244: аргумент: преобразование "double" в "GLfloat", возможна потеря данных
D:\Users\508_03\Desktop\OpenGL_tutorial_Demyanov02\tut_Basic_Objects\drawlib.cpp(253,26): warning C4244: аргумент: преобразование "double" в "GLfloat", возможна потеря данных
D:\Users\508_03\Desktop\OpenGL_tutorial_Demyanov02\tut_Basic_Objects\drawlib.cpp(253,17): warning C4244: аргумент: преобразование "double" в "GLfloat", возможна потеря данных
D:\Users\508_03\Desktop\OpenGL_tutorial_Demyanov02\tut_Basic_Objects\drawlib.cpp(254,28): warning C4305: аргумент: усечение из "double" в "GLfloat"
D:\Users\508_03\Desktop\OpenGL_tutorial_Demyanov02\tut_Basic_Objects\drawlib.cpp(255,27): warning C4305: аргумент: усечение из "double" в "GLfloat"
D:\Users\508_03\Desktop\OpenGL_tutorial_Demyanov02\tut_Basic_Objects\drawlib.cpp(264,26): warning C4305: аргумент: усечение из "double" в "GLfloat"
D:\Users\508_03\Desktop\OpenGL_tutorial_Demyanov02\tut_Basic_Objects\drawlib.cpp(265,27): warning C4305: аргумент: усечение из "double" в "GLfloat"
D:\Users\508_03\Desktop\OpenGL_tutorial_Demyanov02\tut_Basic_Objects\drawlib.cpp(266,35): warning C4244: аргумент: преобразование "double" в "GLfloat", возможна потеря данных
D:\Users\508_03\Desktop\OpenGL_tutorial_Demyanov02\tut_Basic_Objects\drawlib.cpp(266,26): warning C4244: аргумент: преобразование "double" в "GLfloat", возможна потеря данных
D:\Users\508_03\Desktop\OpenGL_tutorial_Demyanov02\tut_Basic_Objects\drawlib.cpp(266,17): warning C4244: аргумент: преобразование "double" в "GLfloat", возможна потеря данных
D:\Users\508_03\Desktop\OpenGL_tutorial_Demyanov02\tut_Basic_Objects\drawlib.cpp(267,28): warning C4305: аргумент: усечение из "double" в "GLfloat"
D:\Users\508_03\Desktop\OpenGL_tutorial_Demyanov02\tut_Basic_Objects\drawlib.cpp(268,27): warning C4305: аргумент: усечение из "double" в "GLfloat"
D:\Users\508_03\Desktop\OpenGL_tutorial_Demyanov02\tut_Basic_Objects\drawlib.cpp(292,25): warning C4305: аргумент: усечение из "double" в "GLfloat"
D:\Users\508_03\Desktop\OpenGL_tutorial_Demyanov02\tut_Basic_Objects\drawlib.cpp(293,26): warning C4305: аргумент: усечение из "double" в "GLfloat"
D:\Users\508_03\Desktop\OpenGL_tutorial_Demyanov02\tut_Basic_Objects\drawlib.cpp(294,27): warning C4305: аргумент: усечение из "double" в "GLfloat"
D:\Users\508_03\Desktop\OpenGL_tutorial_Demyanov02\tut_Basic_Objects\drawlib.cpp(295,26): warning C4305: аргумент: усечение из "double" в "GLfloat"
D:\Users\508_03\Desktop\OpenGL_tutorial_Demyanov02\tut_Basic_Objects\drawlib.cpp(298,26): warning C4305: аргумент: усечение из "double" в "GLfloat"
D:\Users\508_03\Desktop\OpenGL_tutorial_Demyanov02\tut_Basic_Objects\drawlib.cpp(299,27): warning C4305: аргумент: усечение из "double" в "GLfloat"
D:\Users\508_03\Desktop\OpenGL_tutorial_Demyanov02\tut_Basic_Objects\drawlib.cpp(300,26): warning C4305: аргумент: усечение из "double" в "GLfloat"
D:\Users\508_03\Desktop\OpenGL_tutorial_Demyanov02\tut_Basic_Objects\drawlib.cpp(301,25): warning C4305: аргумент: усечение из "double" в "GLfloat"
D:\Users\508_03\Desktop\OpenGL_tutorial_Demyanov02\tut_Basic_Objects\drawlib.cpp(315,26): warning C4305: аргумент: усечение из "double" в "GLfloat"
D:\Users\508_03\Desktop\OpenGL_tutorial_Demyanov02\tut_Basic_Objects\drawlib.cpp(316,26): warning C4305: аргумент: усечение из "double" в "GLfloat"
D:\Users\508_03\Desktop\OpenGL_tutorial_Demyanov02\tut_Basic_Objects\drawlib.cpp(317,25): warning C4305: аргумент: усечение из "double" в "GLfloat"
D:\Users\508_03\Desktop\OpenGL_tutorial_Demyanov02\tut_Basic_Objects\drawlib.cpp(318,25): warning C4305: аргумент: усечение из "double" в "GLfloat"
D:\Users\508_03\Desktop\OpenGL_tutorial_Demyanov02\tut_Basic_Objects\drawlib.cpp(322,27): warning C4305: аргумент: усечение из "double" в "GLfloat"
D:\Users\508_03\Desktop\OpenGL_tutorial_Demyanov02\tut_Basic_Objects\drawlib.cpp(323,26): warning C4305: аргумент: усечение из "double" в "GLfloat"
D:\Users\508_03\Desktop\OpenGL_tutorial_Demyanov02\tut_Basic_Objects\drawlib.cpp(324,25): warning C4305: аргумент: усечение из "double" в "GLfloat"
D:\Users\508_03\Desktop\OpenGL_tutorial_Demyanov02\tut_Basic_Objects\drawlib.cpp(325,26): warning C4305: аргумент: усечение из "double" в "GLfloat"
D:\Users\508_03\Desktop\OpenGL_tutorial_Demyanov02\tut_Basic_Objects\drawlib.cpp(339,23): warning C4305: =: усечение из "double" в "float"
D:\Users\508_03\Desktop\OpenGL_tutorial_Demyanov02\tut_Basic_Objects\drawlib.cpp(340,23): warning C4305: =: усечение из "double" в "float"
D:\Users\508_03\Desktop\OpenGL_tutorial_Demyanov02\tut_Basic_Objects\drawlib.cpp(341,23): warning C4305: =: усечение из "double" в "float"
D:\Users\508_03\Desktop\OpenGL_tutorial_Demyanov02\tut_Basic_Objects\drawlib.cpp(349,18): warning C4305: =: усечение из "double" в "float"
D:\Users\508_03\Desktop\OpenGL_tutorial_Demyanov02\tut_Basic_Objects\drawlib.cpp(350,19): warning C4305: =: усечение из "double" в "float"
D:\Users\508_03\Desktop\OpenGL_tutorial_Demyanov02\tut_Basic_Objects\drawlib.cpp(360,29): warning C4305: аргумент: усечение из "double" в "float"
D:\Users\508_03\Desktop\OpenGL_tutorial_Demyanov02\tut_Basic_Objects\drawlib.cpp(361,28): warning C4305: аргумент: усечение из "double" в "float"
D:\Users\508_03\Desktop\OpenGL_tutorial_Demyanov02\tut_Basic_Objects\drawlib.cpp(368,21): warning C4244: =: преобразование "double" в "float", возможна потеря данных
D:\Users\508_03\Desktop\OpenGL_tutorial_Demyanov02\tut_Basic_Objects\drawlib.cpp(377,38): warning C4244: =: преобразование "double" в "float", возможна потеря данных
D:\Users\508_03\Desktop\OpenGL_tutorial_Demyanov02\tut_Basic_Objects\drawlib.cpp(382,24): warning C4305: =: усечение из "double" в "float"
D:\Users\508_03\Desktop\OpenGL_tutorial_Demyanov02\tut_Basic_Objects\drawlib.cpp(384,43): warning C4244: =: преобразование "double" в "float", возможна потеря данных
D:\Users\508_03\Desktop\OpenGL_tutorial_Demyanov02\tut_Basic_Objects\drawlib.cpp(386,37): warning C4305: =: усечение из "double" в "float"
D:\Users\508_03\Desktop\OpenGL_tutorial_Demyanov02\tut_Basic_Objects\drawlib.cpp(393,38): warning C4305: =: усечение из "double" в "float"
D:\Users\508_03\Desktop\OpenGL_tutorial_Demyanov02\tut_Basic_Objects\drawlib.cpp(409,42): warning C4305: =: усечение из "double" в "float"
D:\Users\508_03\Desktop\OpenGL_tutorial_Demyanov02\tut_Basic_Objects\drawlib.cpp(416,44): warning C4244: =: преобразование "double" в "float", возможна потеря данных
D:\Users\508_03\Desktop\OpenGL_tutorial_Demyanov02\tut_Basic_Objects\drawlib.cpp(417,44): warning C4244: =: преобразование "double" в "float", возможна потеря данных
D:\Users\508_03\Desktop\OpenGL_tutorial_Demyanov02\tut_Basic_Objects\drawlib.cpp(418,44): warning C4244: =: преобразование "double" в "float", возможна потеря данных
D:\Users\508_03\Desktop\OpenGL_tutorial_Demyanov02\tut_Basic_Objects\drawlib.cpp(425,46): warning C4305: =: усечение из "double" в "float"
D:\Users\508_03\Desktop\OpenGL_tutorial_Demyanov02\tut_Basic_Objects\drawlib.cpp(426,44): warning C4244: =: преобразование "double" в "float", возможна потеря данных
D:\Users\508_03\Desktop\OpenGL_tutorial_Demyanov02\tut_Basic_Objects\drawlib.cpp(427,44): warning C4244: =: преобразование "double" в "float", возможна потеря данных
D:\Users\508_03\Desktop\OpenGL_tutorial_Demyanov02\tut_Basic_Objects\drawlib.cpp(428,44): warning C4244: =: преобразование "double" в "float", возможна потеря данных
D:\Users\508_03\Desktop\OpenGL_tutorial_Demyanov02\tut_Basic_Objects\drawlib.cpp(429,51): warning C4244: =: преобразование "double" в "float", возможна потеря данных
D:\Users\508_03\Desktop\OpenGL_tutorial_Demyanov02\tut_Basic_Objects\drawlib.cpp(430,51): warning C4244: =: преобразование "double" в "float", возможна потеря данных
D:\Users\508_03\Desktop\OpenGL_tutorial_Demyanov02\tut_Basic_Objects\drawlib.cpp(431,51): warning C4244: =: преобразование "double" в "float", возможна потеря данных
D:\Users\508_03\Desktop\OpenGL_tutorial_Demyanov02\tut_Basic_Objects\drawlib.cpp(432,48): warning C4244: =: преобразование "double" в "float", возможна потеря данных
D:\Users\508_03\Desktop\OpenGL_tutorial_Demyanov02\tut_Basic_Objects\drawlib.cpp(433,48): warning C4244: =: преобразование "double" в "float", возможна потеря данных
D:\Users\508_03\Desktop\OpenGL_tutorial_Demyanov02\tut_Basic_Objects\drawlib.cpp(434,48): warning C4244: =: преобразование "double" в "float", возможна потеря данных
D:\Users\508_03\Desktop\OpenGL_tutorial_Demyanov02\tut_Basic_Objects\drawlib.cpp(441,65): warning C4244: =: преобразование "double" в "float", возможна потеря данных
D:\Users\508_03\Desktop\OpenGL_tutorial_Demyanov02\tut_Basic_Objects\drawlib.cpp(442,48): warning C4244: =: преобразование "double" в "float", возможна потеря данных
D:\Users\508_03\Desktop\OpenGL_tutorial_Demyanov02\tut_Basic_Objects\drawlib.cpp(443,48): warning C4244: =: преобразование "double" в "float", возможна потеря данных
D:\Users\508_03\Desktop\OpenGL_tutorial_Demyanov02\tut_Basic_Objects\drawlib.cpp(444,48): warning C4244: =: преобразование "double" в "float", возможна потеря данных
D:\Users\508_03\Desktop\OpenGL_tutorial_Demyanov02\tut_Basic_Objects\drawlib.cpp(445,55): warning C4244: =: преобразование "double" в "float", возможна потеря данных
D:\Users\508_03\Desktop\OpenGL_tutorial_Demyanov02\tut_Basic_Objects\drawlib.cpp(446,55): warning C4244: =: преобразование "double" в "float", возможна потеря данных
D:\Users\508_03\Desktop\OpenGL_tutorial_Demyanov02\tut_Basic_Objects\drawlib.cpp(447,55): warning C4244: =: преобразование "double" в "float", возможна потеря данных
D:\Users\508_03\Desktop\OpenGL_tutorial_Demyanov02\tut_Basic_Objects\drawlib.cpp(448,52): warning C4244: =: преобразование "double" в "float", возможна потеря данных
D:\Users\508_03\Desktop\OpenGL_tutorial_Demyanov02\tut_Basic_Objects\drawlib.cpp(449,52): warning C4244: =: преобразование "double" в "float", возможна потеря данных
D:\Users\508_03\Desktop\OpenGL_tutorial_Demyanov02\tut_Basic_Objects\drawlib.cpp(450,52): warning C4244: =: преобразование "double" в "float", возможна потеря данных
D:\Users\508_03\Desktop\OpenGL_tutorial_Demyanov02\tut_Basic_Objects\drawlib.cpp(457,68): warning C4244: =: преобразование "double" в "float", возможна потеря данных
D:\Users\508_03\Desktop\OpenGL_tutorial_Demyanov02\tut_Basic_Objects\drawlib.cpp(458,52): warning C4244: =: преобразование "double" в "float", возможна потеря данных
D:\Users\508_03\Desktop\OpenGL_tutorial_Demyanov02\tut_Basic_Objects\drawlib.cpp(459,52): warning C4244: =: преобразование "double" в "float", возможна потеря данных
D:\Users\508_03\Desktop\OpenGL_tutorial_Demyanov02\tut_Basic_Objects\drawlib.cpp(460,52): warning C4244: =: преобразование "double" в "float", возможна потеря данных
D:\Users\508_03\Desktop\OpenGL_tutorial_Demyanov02\tut_Basic_Objects\drawlib.cpp(461,59): warning C4244: =: преобразование "double" в "float", возможна потеря данных
D:\Users\508_03\Desktop\OpenGL_tutorial_Demyanov02\tut_Basic_Objects\drawlib.cpp(462,59): warning C4244: =: преобразование "double" в "float", возможна потеря данных
D:\Users\508_03\Desktop\OpenGL_tutorial_Demyanov02\tut_Basic_Objects\drawlib.cpp(463,59): warning C4244: =: преобразование "double" в "float", возможна потеря данных
D:\Users\508_03\Desktop\OpenGL_tutorial_Demyanov02\tut_Basic_Objects\drawlib.cpp(464,56): warning C4244: =: преобразование "double" в "float", возможна потеря данных
D:\Users\508_03\Desktop\OpenGL_tutorial_Demyanov02\tut_Basic_Objects\drawlib.cpp(465,56): warning C4244: =: преобразование "double" в "float", возможна потеря данных
D:\Users\508_03\Desktop\OpenGL_tutorial_Demyanov02\tut_Basic_Objects\drawlib.cpp(466,56): warning C4244: =: преобразование "double" в "float", возможна потеря данных
D:\Users\508_03\Desktop\OpenGL_tutorial_Demyanov02\tut_Basic_Objects\drawlib.cpp(473,72): warning C4244: =: преобразование "double" в "float", возможна потеря данных
D:\Users\508_03\Desktop\OpenGL_tutorial_Demyanov02\tut_Basic_Objects\drawlib.cpp(474,56): warning C4244: =: преобразование "double" в "float", возможна потеря данных
D:\Users\508_03\Desktop\OpenGL_tutorial_Demyanov02\tut_Basic_Objects\drawlib.cpp(475,56): warning C4244: =: преобразование "double" в "float", возможна потеря данных
D:\Users\508_03\Desktop\OpenGL_tutorial_Demyanov02\tut_Basic_Objects\drawlib.cpp(476,56): warning C4244: =: преобразование "double" в "float", возможна потеря данных
D:\Users\508_03\Desktop\OpenGL_tutorial_Demyanov02\tut_Basic_Objects\drawlib.cpp(477,63): warning C4244: =: преобразование "double" в "float", возможна потеря данных
D:\Users\508_03\Desktop\OpenGL_tutorial_Demyanov02\tut_Basic_Objects\drawlib.cpp(478,63): warning C4244: =: преобразование "double" в "float", возможна потеря данных
D:\Users\508_03\Desktop\OpenGL_tutorial_Demyanov02\tut_Basic_Objects\drawlib.cpp(479,63): warning C4244: =: преобразование "double" в "float", возможна потеря данных
D:\Users\508_03\Desktop\OpenGL_tutorial_Demyanov02\tut_Basic_Objects\drawlib.cpp(480,60): warning C4244: =: преобразование "double" в "float", возможна потеря данных
D:\Users\508_03\Desktop\OpenGL_tutorial_Demyanov02\tut_Basic_Objects\drawlib.cpp(481,60): warning C4244: =: преобразование "double" в "float", возможна потеря данных
D:\Users\508_03\Desktop\OpenGL_tutorial_Demyanov02\tut_Basic_Objects\drawlib.cpp(482,60): warning C4244: =: преобразование "double" в "float", возможна потеря данных
D:\Users\508_03\Desktop\OpenGL_tutorial_Demyanov02\tut_Basic_Objects\drawlib.cpp(489,76): warning C4244: =: преобразование "double" в "float", возможна потеря данных
D:\Users\508_03\Desktop\OpenGL_tutorial_Demyanov02\tut_Basic_Objects\drawlib.cpp(490,60): warning C4244: =: преобразование "double" в "float", возможна потеря данных
D:\Users\508_03\Desktop\OpenGL_tutorial_Demyanov02\tut_Basic_Objects\drawlib.cpp(491,60): warning C4244: =: преобразование "double" в "float", возможна потеря данных
D:\Users\508_03\Desktop\OpenGL_tutorial_Demyanov02\tut_Basic_Objects\drawlib.cpp(492,60): warning C4244: =: преобразование "double" в "float", возможна потеря данных
D:\Users\508_03\Desktop\OpenGL_tutorial_Demyanov02\tut_Basic_Objects\drawlib.cpp(493,67): warning C4244: =: преобразование "double" в "float", возможна потеря данных
D:\Users\508_03\Desktop\OpenGL_tutorial_Demyanov02\tut_Basic_Objects\drawlib.cpp(494,67): warning C4244: =: преобразование "double" в "float", возможна потеря данных
D:\Users\508_03\Desktop\OpenGL_tutorial_Demyanov02\tut_Basic_Objects\drawlib.cpp(495,67): warning C4244: =: преобразование "double" в "float", возможна потеря данных
D:\Users\508_03\Desktop\OpenGL_tutorial_Demyanov02\tut_Basic_Objects\drawlib.cpp(496,64): warning C4244: =: преобразование "double" в "float", возможна потеря данных
D:\Users\508_03\Desktop\OpenGL_tutorial_Demyanov02\tut_Basic_Objects\drawlib.cpp(497,64): warning C4244: =: преобразование "double" в "float", возможна потеря данных
D:\Users\508_03\Desktop\OpenGL_tutorial_Demyanov02\tut_Basic_Objects\drawlib.cpp(498,64): warning C4244: =: преобразование "double" в "float", возможна потеря данных
D:\Users\508_03\Desktop\OpenGL_tutorial_Demyanov02\tut_Basic_Objects\drawlib.cpp(502,80): warning C4244: =: преобразование "double" в "float", возможна потеря данных
D:\Users\508_03\Desktop\OpenGL_tutorial_Demyanov02\tut_Basic_Objects\drawlib.cpp(503,64): warning C4244: =: преобразование "double" в "float", возможна потеря данных
D:\Users\508_03\Desktop\OpenGL_tutorial_Demyanov02\tut_Basic_Objects\drawlib.cpp(504,64): warning C4244: =: преобразование "double" в "float", возможна потеря данных
D:\Users\508_03\Desktop\OpenGL_tutorial_Demyanov02\tut_Basic_Objects\drawlib.cpp(505,64): warning C4244: =: преобразование "double" в "float", возможна потеря данных
D:\Users\508_03\Desktop\OpenGL_tutorial_Demyanov02\tut_Basic_Objects\drawlib.cpp(506,71): warning C4244: =: преобразование "double" в "float", возможна потеря данных
D:\Users\508_03\Desktop\OpenGL_tutorial_Demyanov02\tut_Basic_Objects\drawlib.cpp(507,71): warning C4244: =: преобразование "double" в "float", возможна потеря данных
D:\Users\508_03\Desktop\OpenGL_tutorial_Demyanov02\tut_Basic_Objects\drawlib.cpp(508,71): warning C4244: =: преобразование "double" в "float", возможна потеря данных
D:\Users\508_03\Desktop\OpenGL_tutorial_Demyanov02\tut_Basic_Objects\drawlib.cpp(509,68): warning C4244: =: преобразование "double" в "float", возможна потеря данных
D:\Users\508_03\Desktop\OpenGL_tutorial_Demyanov02\tut_Basic_Objects\drawlib.cpp(510,68): warning C4244: =: преобразование "double" в "float", возможна потеря данных
D:\Users\508_03\Desktop\OpenGL_tutorial_Demyanov02\tut_Basic_Objects\drawlib.cpp(511,68): warning C4244: =: преобразование "double" в "float", возможна потеря данных
D:\Users\508_03\Desktop\OpenGL_tutorial_Demyanov02\tut_Basic_Objects\drawlib.cpp(515,68): warning C4244: =: преобразование "double" в "float", возможна потеря данных
D:\Users\508_03\Desktop\OpenGL_tutorial_Demyanov02\tut_Basic_Objects\drawlib.cpp(516,68): warning C4244: =: преобразование "double" в "float", возможна потеря данных
D:\Users\508_03\Desktop\OpenGL_tutorial_Demyanov02\tut_Basic_Objects\drawlib.cpp(517,68): warning C4244: =: преобразование "double" в "float", возможна потеря данных
D:\Users\508_03\Desktop\OpenGL_tutorial_Demyanov02\tut_Basic_Objects\drawlib.cpp(518,75): warning C4244: =: преобразование "double" в "float", возможна потеря данных
D:\Users\508_03\Desktop\OpenGL_tutorial_Demyanov02\tut_Basic_Objects\drawlib.cpp(519,75): warning C4244: =: преобразование "double" в "float", возможна потеря данных
D:\Users\508_03\Desktop\OpenGL_tutorial_Demyanov02\tut_Basic_Objects\drawlib.cpp(520,75): warning C4244: =: преобразование "double" в "float", возможна потеря данных
D:\Users\508_03\Desktop\OpenGL_tutorial_Demyanov02\tut_Basic_Objects\drawlib.cpp(521,72): warning C4244: =: преобразование "double" в "float", возможна потеря данных
D:\Users\508_03\Desktop\OpenGL_tutorial_Demyanov02\tut_Basic_Objects\drawlib.cpp(522,72): warning C4244: =: преобразование "double" в "float", возможна потеря данных
D:\Users\508_03\Desktop\OpenGL_tutorial_Demyanov02\tut_Basic_Objects\drawlib.cpp(523,72): warning C4244: =: преобразование "double" в "float", возможна потеря данных
D:\Users\508_03\Desktop\OpenGL_tutorial_Demyanov02\tut_Basic_Objects\drawlib.cpp(527,72): warning C4244: =: преобразование "double" в "float", возможна потеря данных
D:\Users\508_03\Desktop\OpenGL_tutorial_Demyanov02\tut_Basic_Objects\drawlib.cpp(528,72): warning C4244: =: преобразование "double" в "float", возможна потеря данных
D:\Users\508_03\Desktop\OpenGL_tutorial_Demyanov02\tut_Basic_Objects\drawlib.cpp(529,72): warning C4244: =: преобразование "double" в "float", возможна потеря данных
D:\Users\508_03\Desktop\OpenGL_tutorial_Demyanov02\tut_Basic_Objects\drawlib.cpp(530,79): warning C4244: =: преобразование "double" в "float", возможна потеря данных
D:\Users\508_03\Desktop\OpenGL_tutorial_Demyanov02\tut_Basic_Objects\drawlib.cpp(531,79): warning C4244: =: преобразование "double" в "float", возможна потеря данных
D:\Users\508_03\Desktop\OpenGL_tutorial_Demyanov02\tut_Basic_Objects\drawlib.cpp(532,79): warning C4244: =: преобразование "double" в "float", возможна потеря данных
D:\Users\508_03\Desktop\OpenGL_tutorial_Demyanov02\tut_Basic_Objects\drawlib.cpp(533,76): warning C4244: =: преобразование "double" в "float", возможна потеря данных
D:\Users\508_03\Desktop\OpenGL_tutorial_Demyanov02\tut_Basic_Objects\drawlib.cpp(534,76): warning C4244: =: преобразование "double" в "float", возможна потеря данных
D:\Users\508_03\Desktop\OpenGL_tutorial_Demyanov02\tut_Basic_Objects\drawlib.cpp(535,76): warning C4244: =: преобразование "double" в "float", возможна потеря данных
D:\Users\508_03\Desktop\OpenGL_tutorial_Demyanov02\tut_Basic_Objects\drawlib.cpp(541,79): warning C4244: =: преобразование "double" в "float", возможна потеря данных
D:\Users\508_03\Desktop\OpenGL_tutorial_Demyanov02\tut_Basic_Objects\drawlib.cpp(542,79): warning C4244: =: преобразование "double" в "float", возможна потеря данных
D:\Users\508_03\Desktop\OpenGL_tutorial_Demyanov02\tut_Basic_Objects\drawlib.cpp(543,79): warning C4244: =: преобразование "double" в "float", возможна потеря данных
D:\Users\508_03\Desktop\OpenGL_tutorial_Demyanov02\tut_Basic_Objects\drawlib.cpp(544,76): warning C4244: =: преобразование "double" в "float", возможна потеря данных
D:\Users\508_03\Desktop\OpenGL_tutorial_Demyanov02\tut_Basic_Objects\drawlib.cpp(545,76): warning C4244: =: преобразование "double" в "float", возможна потеря данных
D:\Users\508_03\Desktop\OpenGL_tutorial_Demyanov02\tut_Basic_Objects\drawlib.cpp(546,76): warning C4244: =: преобразование "double" в "float", возможна потеря данных
D:\Users\508_03\Desktop\OpenGL_tutorial_Demyanov02\tut_Basic_Objects\drawlib.cpp(550,80): warning C4244: =: преобразование "double" в "float", возможна потеря данных
D:\Users\508_03\Desktop\OpenGL_tutorial_Demyanov02\tut_Basic_Objects\drawlib.cpp(551,80): warning C4244: =: преобразование "double" в "float", возможна потеря данных
D:\Users\508_03\Desktop\OpenGL_tutorial_Demyanov02\tut_Basic_Objects\drawlib.cpp(552,80): warning C4244: =: преобразование "double" в "float", возможна потеря данных
D:\Users\508_03\Desktop\OpenGL_tutorial_Demyanov02\tut_Basic_Objects\drawlib.cpp(556,84): warning C4244: =: преобразование "double" в "float", возможна потеря данных
D:\Users\508_03\Desktop\OpenGL_tutorial_Demyanov02\tut_Basic_Objects\drawlib.cpp(557,84): warning C4244: =: преобразование "double" в "float", возможна потеря данных
D:\Users\508_03\Desktop\OpenGL_tutorial_Demyanov02\tut_Basic_Objects\drawlib.cpp(558,84): warning C4244: =: преобразование "double" в "float", возможна потеря данных
D:\Users\508_03\Desktop\OpenGL_tutorial_Demyanov02\tut_Basic_Objects\drawlib.cpp(584,35): warning C4305: аргумент: усечение из "double" в "float"
D:\Users\508_03\Desktop\OpenGL_tutorial_Demyanov02\tut_Basic_Objects\drawlib.cpp(585,36): warning C4305: аргумент: усечение из "double" в "float"
D:\Users\508_03\Desktop\OpenGL_tutorial_Demyanov02\tut_Basic_Objects\drawlib.cpp(586,35): warning C4305: аргумент: усечение из "double" в "float"
D:\Users\508_03\Desktop\OpenGL_tutorial_Demyanov02\tut_Basic_Objects\drawlib.cpp(587,36): warning C4305: аргумент: усечение из "double" в "float"
D:\Users\508_03\Desktop\OpenGL_tutorial_Demyanov02\tut_Basic_Objects\drawlib.cpp(588,36): warning C4305: аргумент: усечение из "double" в "float"
D:\Users\508_03\Desktop\OpenGL_tutorial_Demyanov02\tut_Basic_Objects\drawlib.cpp(592,27): warning C4305: аргумент: усечение из "double" в "GLfloat"
  tut_Basic_Objects.vcxproj -> D:\Users\508_03\Desktop\OpenGL_tutorial_Demyanov02\Debug\tut_Basic_Objects.exe
